DEBUG - 2025-06-17 03:41:00 --> Session: Class initialized using 'CodeIgniter\Session\Handlers\FileHandler' driver.
DEBUG - 2025-06-17 03:41:12 --> Session: Class initialized using 'CodeIgniter\Session\Handlers\FileHandler' driver.
DEBUG - 2025-06-17 03:45:07 --> Session: Class initialized using 'CodeIgniter\Session\Handlers\FileHandler' driver.
DEBUG - 2025-06-17 03:45:19 --> Session: Class initialized using 'CodeIgniter\Session\Handlers\FileHandler' driver.
DEBUG - 2025-06-17 03:54:30 --> Session: Class initialized using 'CodeIgniter\Session\Handlers\FileHandler' driver.
DEBUG - 2025-06-17 03:54:38 --> Session: Class initialized using 'CodeIgniter\Session\Handlers\FileHandler' driver.
DEBUG - 2025-06-17 03:56:00 --> Session: Class initialized using 'CodeIgniter\Session\Handlers\FileHandler' driver.
DEBUG - 2025-06-17 03:56:04 --> Session: Class initialized using 'CodeIgniter\Session\Handlers\FileHandler' driver.
CRITICAL - 2025-06-17 04:18:18 --> CodeIgniter\View\Exceptions\ViewException: Invalid file: "partials/slider.php"
[Method: GET, Route: dashboard]
in SYSTEMPATH\Exceptions\FrameworkException.php on line 39.
 1 SYSTEMPATH\View\View.php(212): CodeIgniter\Exceptions\FrameworkException::forInvalidFile('partials/slider.php')
 2 SYSTEMPATH\View\View.php(475): CodeIgniter\View\View->render('partials/slider', null, true)
 3 APPPATH\Views\pages\dashboard.php(1): CodeIgniter\View\View->include('partials/slider')
 4 SYSTEMPATH\View\View.php(224): include('D:\\SlashDesk\\app\\Views\\pages\\dashboard.php')
 5 SYSTEMPATH\View\View.php(227): CodeIgniter\View\View->CodeIgniter\View\{closure}()
 6 SYSTEMPATH\Common.php(1173): CodeIgniter\View\View->render('pages/dashboard', [], true)
 7 APPPATH\Controllers\Dashboard.php(9): view('pages/dashboard')
 8 SYSTEMPATH\CodeIgniter.php(933): App\Controllers\Dashboard->index()
 9 SYSTEMPATH\CodeIgniter.php(507): CodeIgniter\CodeIgniter->runController(Object(App\Controllers\Dashboard))
10 SYSTEMPATH\CodeIgniter.php(354): CodeIgniter\CodeIgniter->handleRequest(null, Object(Config\Cache), false)
11 SYSTEMPATH\Boot.php(334): CodeIgniter\CodeIgniter->run()
12 SYSTEMPATH\Boot.php(67): CodeIgniter\Boot::runCodeIgniter(Object(CodeIgniter\CodeIgniter))
13 FCPATH\index.php(59): CodeIgniter\Boot::bootWeb(Object(Config\Paths))
14 SYSTEMPATH\rewrite.php(44): require_once('D:\\SlashDesk\\public\\index.php')
CRITICAL - 2025-06-17 04:18:20 --> CodeIgniter\View\Exceptions\ViewException: Invalid file: "partials/slider.php"
[Method: GET, Route: dashboard]
in SYSTEMPATH\Exceptions\FrameworkException.php on line 39.
 1 SYSTEMPATH\View\View.php(212): CodeIgniter\Exceptions\FrameworkException::forInvalidFile('partials/slider.php')
 2 SYSTEMPATH\View\View.php(475): CodeIgniter\View\View->render('partials/slider', null, true)
 3 APPPATH\Views\pages\dashboard.php(1): CodeIgniter\View\View->include('partials/slider')
 4 SYSTEMPATH\View\View.php(224): include('D:\\SlashDesk\\app\\Views\\pages\\dashboard.php')
 5 SYSTEMPATH\View\View.php(227): CodeIgniter\View\View->CodeIgniter\View\{closure}()
 6 SYSTEMPATH\Common.php(1173): CodeIgniter\View\View->render('pages/dashboard', [], true)
 7 APPPATH\Controllers\Dashboard.php(9): view('pages/dashboard')
 8 SYSTEMPATH\CodeIgniter.php(933): App\Controllers\Dashboard->index()
 9 SYSTEMPATH\CodeIgniter.php(507): CodeIgniter\CodeIgniter->runController(Object(App\Controllers\Dashboard))
10 SYSTEMPATH\CodeIgniter.php(354): CodeIgniter\CodeIgniter->handleRequest(null, Object(Config\Cache), false)
11 SYSTEMPATH\Boot.php(334): CodeIgniter\CodeIgniter->run()
12 SYSTEMPATH\Boot.php(67): CodeIgniter\Boot::runCodeIgniter(Object(CodeIgniter\CodeIgniter))
13 FCPATH\index.php(59): CodeIgniter\Boot::bootWeb(Object(Config\Paths))
14 SYSTEMPATH\rewrite.php(44): require_once('D:\\SlashDesk\\public\\index.php')
CRITICAL - 2025-06-17 04:19:36 --> CodeIgniter\View\Exceptions\ViewException: Invalid file: "partials/slider.php"
[Method: GET, Route: dashboard]
in SYSTEMPATH\Exceptions\FrameworkException.php on line 39.
 1 SYSTEMPATH\View\View.php(212): CodeIgniter\Exceptions\FrameworkException::forInvalidFile('partials/slider.php')
 2 SYSTEMPATH\View\View.php(475): CodeIgniter\View\View->render('partials/slider', null, true)
 3 APPPATH\Views\pages\dashboard.php(1): CodeIgniter\View\View->include('partials/slider')
 4 SYSTEMPATH\View\View.php(224): include('D:\\SlashDesk\\app\\Views\\pages\\dashboard.php')
 5 SYSTEMPATH\View\View.php(227): CodeIgniter\View\View->CodeIgniter\View\{closure}()
 6 SYSTEMPATH\Common.php(1173): CodeIgniter\View\View->render('pages/dashboard', [], true)
 7 APPPATH\Controllers\Dashboard.php(9): view('pages/dashboard')
 8 SYSTEMPATH\CodeIgniter.php(933): App\Controllers\Dashboard->index()
 9 SYSTEMPATH\CodeIgniter.php(507): CodeIgniter\CodeIgniter->runController(Object(App\Controllers\Dashboard))
10 SYSTEMPATH\CodeIgniter.php(354): CodeIgniter\CodeIgniter->handleRequest(null, Object(Config\Cache), false)
11 SYSTEMPATH\Boot.php(334): CodeIgniter\CodeIgniter->run()
12 SYSTEMPATH\Boot.php(67): CodeIgniter\Boot::runCodeIgniter(Object(CodeIgniter\CodeIgniter))
13 FCPATH\index.php(59): CodeIgniter\Boot::bootWeb(Object(Config\Paths))
14 SYSTEMPATH\rewrite.php(44): require_once('D:\\SlashDesk\\public\\index.php')
CRITICAL - 2025-06-17 04:19:37 --> CodeIgniter\View\Exceptions\ViewException: Invalid file: "partials/slider.php"
[Method: GET, Route: dashboard]
in SYSTEMPATH\Exceptions\FrameworkException.php on line 39.
 1 SYSTEMPATH\View\View.php(212): CodeIgniter\Exceptions\FrameworkException::forInvalidFile('partials/slider.php')
 2 SYSTEMPATH\View\View.php(475): CodeIgniter\View\View->render('partials/slider', null, true)
 3 APPPATH\Views\pages\dashboard.php(1): CodeIgniter\View\View->include('partials/slider')
 4 SYSTEMPATH\View\View.php(224): include('D:\\SlashDesk\\app\\Views\\pages\\dashboard.php')
 5 SYSTEMPATH\View\View.php(227): CodeIgniter\View\View->CodeIgniter\View\{closure}()
 6 SYSTEMPATH\Common.php(1173): CodeIgniter\View\View->render('pages/dashboard', [], true)
 7 APPPATH\Controllers\Dashboard.php(9): view('pages/dashboard')
 8 SYSTEMPATH\CodeIgniter.php(933): App\Controllers\Dashboard->index()
 9 SYSTEMPATH\CodeIgniter.php(507): CodeIgniter\CodeIgniter->runController(Object(App\Controllers\Dashboard))
10 SYSTEMPATH\CodeIgniter.php(354): CodeIgniter\CodeIgniter->handleRequest(null, Object(Config\Cache), false)
11 SYSTEMPATH\Boot.php(334): CodeIgniter\CodeIgniter->run()
12 SYSTEMPATH\Boot.php(67): CodeIgniter\Boot::runCodeIgniter(Object(CodeIgniter\CodeIgniter))
13 FCPATH\index.php(59): CodeIgniter\Boot::bootWeb(Object(Config\Paths))
14 SYSTEMPATH\rewrite.php(44): require_once('D:\\SlashDesk\\public\\index.php')
CRITICAL - 2025-06-17 04:20:10 --> CodeIgniter\View\Exceptions\ViewException: Invalid file: "partials/slider.php"
[Method: GET, Route: dashboard]
in SYSTEMPATH\Exceptions\FrameworkException.php on line 39.
 1 SYSTEMPATH\View\View.php(212): CodeIgniter\Exceptions\FrameworkException::forInvalidFile('partials/slider.php')
 2 SYSTEMPATH\View\View.php(475): CodeIgniter\View\View->render('partials/slider', null, true)
 3 APPPATH\Views\pages\dashboard.php(1): CodeIgniter\View\View->include('partials/slider')
 4 SYSTEMPATH\View\View.php(224): include('D:\\SlashDesk\\app\\Views\\pages\\dashboard.php')
 5 SYSTEMPATH\View\View.php(227): CodeIgniter\View\View->CodeIgniter\View\{closure}()
 6 SYSTEMPATH\Common.php(1173): CodeIgniter\View\View->render('pages/dashboard', [], true)
 7 APPPATH\Controllers\Dashboard.php(9): view('pages/dashboard')
 8 SYSTEMPATH\CodeIgniter.php(933): App\Controllers\Dashboard->index()
 9 SYSTEMPATH\CodeIgniter.php(507): CodeIgniter\CodeIgniter->runController(Object(App\Controllers\Dashboard))
10 SYSTEMPATH\CodeIgniter.php(354): CodeIgniter\CodeIgniter->handleRequest(null, Object(Config\Cache), false)
11 SYSTEMPATH\Boot.php(334): CodeIgniter\CodeIgniter->run()
12 SYSTEMPATH\Boot.php(67): CodeIgniter\Boot::runCodeIgniter(Object(CodeIgniter\CodeIgniter))
13 FCPATH\index.php(59): CodeIgniter\Boot::bootWeb(Object(Config\Paths))
14 SYSTEMPATH\rewrite.php(44): require_once('D:\\SlashDesk\\public\\index.php')
CRITICAL - 2025-06-17 04:20:11 --> CodeIgniter\View\Exceptions\ViewException: Invalid file: "partials/slider.php"
[Method: GET, Route: dashboard]
in SYSTEMPATH\Exceptions\FrameworkException.php on line 39.
 1 SYSTEMPATH\View\View.php(212): CodeIgniter\Exceptions\FrameworkException::forInvalidFile('partials/slider.php')
 2 SYSTEMPATH\View\View.php(475): CodeIgniter\View\View->render('partials/slider', null, true)
 3 APPPATH\Views\pages\dashboard.php(1): CodeIgniter\View\View->include('partials/slider')
 4 SYSTEMPATH\View\View.php(224): include('D:\\SlashDesk\\app\\Views\\pages\\dashboard.php')
 5 SYSTEMPATH\View\View.php(227): CodeIgniter\View\View->CodeIgniter\View\{closure}()
 6 SYSTEMPATH\Common.php(1173): CodeIgniter\View\View->render('pages/dashboard', [], true)
 7 APPPATH\Controllers\Dashboard.php(9): view('pages/dashboard')
 8 SYSTEMPATH\CodeIgniter.php(933): App\Controllers\Dashboard->index()
 9 SYSTEMPATH\CodeIgniter.php(507): CodeIgniter\CodeIgniter->runController(Object(App\Controllers\Dashboard))
10 SYSTEMPATH\CodeIgniter.php(354): CodeIgniter\CodeIgniter->handleRequest(null, Object(Config\Cache), false)
11 SYSTEMPATH\Boot.php(334): CodeIgniter\CodeIgniter->run()
12 SYSTEMPATH\Boot.php(67): CodeIgniter\Boot::runCodeIgniter(Object(CodeIgniter\CodeIgniter))
13 FCPATH\index.php(59): CodeIgniter\Boot::bootWeb(Object(Config\Paths))
14 SYSTEMPATH\rewrite.php(44): require_once('D:\\SlashDesk\\public\\index.php')
CRITICAL - 2025-06-17 04:20:11 --> CodeIgniter\View\Exceptions\ViewException: Invalid file: "partials/slider.php"
[Method: GET, Route: dashboard]
in SYSTEMPATH\Exceptions\FrameworkException.php on line 39.
 1 SYSTEMPATH\View\View.php(212): CodeIgniter\Exceptions\FrameworkException::forInvalidFile('partials/slider.php')
 2 SYSTEMPATH\View\View.php(475): CodeIgniter\View\View->render('partials/slider', null, true)
 3 APPPATH\Views\pages\dashboard.php(1): CodeIgniter\View\View->include('partials/slider')
 4 SYSTEMPATH\View\View.php(224): include('D:\\SlashDesk\\app\\Views\\pages\\dashboard.php')
 5 SYSTEMPATH\View\View.php(227): CodeIgniter\View\View->CodeIgniter\View\{closure}()
 6 SYSTEMPATH\Common.php(1173): CodeIgniter\View\View->render('pages/dashboard', [], true)
 7 APPPATH\Controllers\Dashboard.php(9): view('pages/dashboard')
 8 SYSTEMPATH\CodeIgniter.php(933): App\Controllers\Dashboard->index()
 9 SYSTEMPATH\CodeIgniter.php(507): CodeIgniter\CodeIgniter->runController(Object(App\Controllers\Dashboard))
10 SYSTEMPATH\CodeIgniter.php(354): CodeIgniter\CodeIgniter->handleRequest(null, Object(Config\Cache), false)
11 SYSTEMPATH\Boot.php(334): CodeIgniter\CodeIgniter->run()
12 SYSTEMPATH\Boot.php(67): CodeIgniter\Boot::runCodeIgniter(Object(CodeIgniter\CodeIgniter))
13 FCPATH\index.php(59): CodeIgniter\Boot::bootWeb(Object(Config\Paths))
14 SYSTEMPATH\rewrite.php(44): require_once('D:\\SlashDesk\\public\\index.php')
CRITICAL - 2025-06-17 04:43:42 --> CodeIgniter\View\Exceptions\ViewException: Invalid file: "partials/slider.php"
[Method: GET, Route: dashboard]
in SYSTEMPATH\Exceptions\FrameworkException.php on line 39.
 1 SYSTEMPATH\View\View.php(212): CodeIgniter\Exceptions\FrameworkException::forInvalidFile('partials/slider.php')
 2 SYSTEMPATH\View\View.php(475): CodeIgniter\View\View->render('partials/slider', null, true)
 3 APPPATH\Views\pages\dashboard.php(1): CodeIgniter\View\View->include('partials/slider')
 4 SYSTEMPATH\View\View.php(224): include('D:\\SlashDesk\\app\\Views\\pages\\dashboard.php')
 5 SYSTEMPATH\View\View.php(227): CodeIgniter\View\View->CodeIgniter\View\{closure}()
 6 SYSTEMPATH\Common.php(1173): CodeIgniter\View\View->render('pages/dashboard', [], true)
 7 APPPATH\Controllers\Dashboard.php(9): view('pages/dashboard')
 8 SYSTEMPATH\CodeIgniter.php(933): App\Controllers\Dashboard->index()
 9 SYSTEMPATH\CodeIgniter.php(507): CodeIgniter\CodeIgniter->runController(Object(App\Controllers\Dashboard))
10 SYSTEMPATH\CodeIgniter.php(354): CodeIgniter\CodeIgniter->handleRequest(null, Object(Config\Cache), false)
11 SYSTEMPATH\Boot.php(334): CodeIgniter\CodeIgniter->run()
12 SYSTEMPATH\Boot.php(67): CodeIgniter\Boot::runCodeIgniter(Object(CodeIgniter\CodeIgniter))
13 FCPATH\index.php(59): CodeIgniter\Boot::bootWeb(Object(Config\Paths))
14 SYSTEMPATH\rewrite.php(44): require_once('D:\\SlashDesk\\public\\index.php')
CRITICAL - 2025-06-17 04:44:03 --> CodeIgniter\View\Exceptions\ViewException: Invalid file: "partials/sideber.php"
[Method: GET, Route: dashboard]
in SYSTEMPATH\Exceptions\FrameworkException.php on line 39.
 1 SYSTEMPATH\View\View.php(212): CodeIgniter\Exceptions\FrameworkException::forInvalidFile('partials/sideber.php')
 2 SYSTEMPATH\View\View.php(475): CodeIgniter\View\View->render('partials/sideber', null, true)
 3 APPPATH\Views\pages\dashboard.php(1): CodeIgniter\View\View->include('partials/sideber')
 4 SYSTEMPATH\View\View.php(224): include('D:\\SlashDesk\\app\\Views\\pages\\dashboard.php')
 5 SYSTEMPATH\View\View.php(227): CodeIgniter\View\View->CodeIgniter\View\{closure}()
 6 SYSTEMPATH\Common.php(1173): CodeIgniter\View\View->render('pages/dashboard', [], true)
 7 APPPATH\Controllers\Dashboard.php(9): view('pages/dashboard')
 8 SYSTEMPATH\CodeIgniter.php(933): App\Controllers\Dashboard->index()
 9 SYSTEMPATH\CodeIgniter.php(507): CodeIgniter\CodeIgniter->runController(Object(App\Controllers\Dashboard))
10 SYSTEMPATH\CodeIgniter.php(354): CodeIgniter\CodeIgniter->handleRequest(null, Object(Config\Cache), false)
11 SYSTEMPATH\Boot.php(334): CodeIgniter\CodeIgniter->run()
12 SYSTEMPATH\Boot.php(67): CodeIgniter\Boot::runCodeIgniter(Object(CodeIgniter\CodeIgniter))
13 FCPATH\index.php(59): CodeIgniter\Boot::bootWeb(Object(Config\Paths))
14 SYSTEMPATH\rewrite.php(44): require_once('D:\\SlashDesk\\public\\index.php')
DEBUG - 2025-06-17 04:46:55 --> Session: Class initialized using 'CodeIgniter\Session\Handlers\FileHandler' driver.
DEBUG - 2025-06-17 04:46:59 --> Session: Class initialized using 'CodeIgniter\Session\Handlers\FileHandler' driver.
DEBUG - 2025-06-17 04:47:06 --> Session: Class initialized using 'CodeIgniter\Session\Handlers\FileHandler' driver.
DEBUG - 2025-06-17 04:50:52 --> Session: Class initialized using 'CodeIgniter\Session\Handlers\FileHandler' driver.
DEBUG - 2025-06-17 09:05:44 --> Session: Class initialized using 'CodeIgniter\Session\Handlers\FileHandler' driver.
DEBUG - 2025-06-17 09:05:52 --> Session: Class initialized using 'CodeIgniter\Session\Handlers\FileHandler' driver.
DEBUG - 2025-06-17 09:06:09 --> Session: Class initialized using 'CodeIgniter\Session\Handlers\FileHandler' driver.
DEBUG - 2025-06-17 10:04:59 --> Session: Class initialized using 'CodeIgniter\Session\Handlers\FileHandler' driver.
DEBUG - 2025-06-17 10:05:09 --> Session: Class initialized using 'CodeIgniter\Session\Handlers\FileHandler' driver.
CRITICAL - 2025-06-17 11:11:19 --> ErrorException: Undefined variable $total_pages
[Method: GET, Route: cannedResponse]
in APPPATH\Views\pages\cannedResponse.php on line 155.
 1 APPPATH\Views\pages\cannedResponse.php(155): CodeIgniter\Debug\Exceptions->errorHandler(2, 'Undefined variable $total_pages', 'D:\\SlashDesk\\app\\Views\\pages\\cannedResponse.php', 155)
 2 SYSTEMPATH\View\View.php(224): include('D:\\SlashDesk\\app\\Views\\pages\\cannedResponse.php')
 3 SYSTEMPATH\View\View.php(227): CodeIgniter\View\View->CodeIgniter\View\{closure}()
 4 SYSTEMPATH\Common.php(1173): CodeIgniter\View\View->render('pages/cannedResponse', [], true)
 5 APPPATH\Controllers\CannedResponse.php(9): view('pages/cannedResponse')
 6 SYSTEMPATH\CodeIgniter.php(933): App\Controllers\CannedResponse->index()
 7 SYSTEMPATH\CodeIgniter.php(507): CodeIgniter\CodeIgniter->runController(Object(App\Controllers\CannedResponse))
 8 SYSTEMPATH\CodeIgniter.php(354): CodeIgniter\CodeIgniter->handleRequest(null, Object(Config\Cache), false)
 9 SYSTEMPATH\Boot.php(334): CodeIgniter\CodeIgniter->run()
10 SYSTEMPATH\Boot.php(67): CodeIgniter\Boot::runCodeIgniter(Object(CodeIgniter\CodeIgniter))
11 FCPATH\index.php(59): CodeIgniter\Boot::bootWeb(Object(Config\Paths))
12 SYSTEMPATH\rewrite.php(44): require_once('D:\\SlashDesk\\public\\index.php')
DEBUG - 2025-06-17 11:31:59 --> Session: Class initialized using 'CodeIgniter\Session\Handlers\FileHandler' driver.
CRITICAL - 2025-06-17 12:10:09 --> Error: Call to undefined function form_open_multipart()
[Method: GET, Route: cannedResponse]
in APPPATH\Views\pages\cannedResponse.php on line 121.
 1 SYSTEMPATH\View\View.php(224): include()
 2 SYSTEMPATH\View\View.php(227): CodeIgniter\View\View->CodeIgniter\View\{closure}()
 3 SYSTEMPATH\Common.php(1173): CodeIgniter\View\View->render('pages/cannedResponse', [], true)
 4 APPPATH\Controllers\CannedResponse.php(9): view('pages/cannedResponse')
 5 SYSTEMPATH\CodeIgniter.php(933): App\Controllers\CannedResponse->index()
 6 SYSTEMPATH\CodeIgniter.php(507): CodeIgniter\CodeIgniter->runController(Object(App\Controllers\CannedResponse))
 7 SYSTEMPATH\CodeIgniter.php(354): CodeIgniter\CodeIgniter->handleRequest(null, Object(Config\Cache), false)
 8 SYSTEMPATH\Boot.php(334): CodeIgniter\CodeIgniter->run()
 9 SYSTEMPATH\Boot.php(67): CodeIgniter\Boot::runCodeIgniter(Object(CodeIgniter\CodeIgniter))
10 FCPATH\index.php(59): CodeIgniter\Boot::bootWeb(Object(Config\Paths))
11 SYSTEMPATH\rewrite.php(44): require_once('D:\\SlashDesk\\public\\index.php')
CRITICAL - 2025-06-17 12:10:11 --> Error: Call to undefined function form_open_multipart()
[Method: GET, Route: cannedResponse]
in APPPATH\Views\pages\cannedResponse.php on line 121.
 1 SYSTEMPATH\View\View.php(224): include()
 2 SYSTEMPATH\View\View.php(227): CodeIgniter\View\View->CodeIgniter\View\{closure}()
 3 SYSTEMPATH\Common.php(1173): CodeIgniter\View\View->render('pages/cannedResponse', [], true)
 4 APPPATH\Controllers\CannedResponse.php(9): view('pages/cannedResponse')
 5 SYSTEMPATH\CodeIgniter.php(933): App\Controllers\CannedResponse->index()
 6 SYSTEMPATH\CodeIgniter.php(507): CodeIgniter\CodeIgniter->runController(Object(App\Controllers\CannedResponse))
 7 SYSTEMPATH\CodeIgniter.php(354): CodeIgniter\CodeIgniter->handleRequest(null, Object(Config\Cache), false)
 8 SYSTEMPATH\Boot.php(334): CodeIgniter\CodeIgniter->run()
 9 SYSTEMPATH\Boot.php(67): CodeIgniter\Boot::runCodeIgniter(Object(CodeIgniter\CodeIgniter))
10 FCPATH\index.php(59): CodeIgniter\Boot::bootWeb(Object(Config\Paths))
11 SYSTEMPATH\rewrite.php(44): require_once('D:\\SlashDesk\\public\\index.php')
CRITICAL - 2025-06-17 12:22:13 --> Error: Call to undefined function form_open_multipart()
[Method: GET, Route: cannedResponse]
in APPPATH\Views\pages\cannedResponse.php on line 121.
 1 SYSTEMPATH\View\View.php(224): include()
 2 SYSTEMPATH\View\View.php(227): CodeIgniter\View\View->CodeIgniter\View\{closure}()
 3 SYSTEMPATH\Common.php(1173): CodeIgniter\View\View->render('pages/cannedResponse', [], true)
 4 APPPATH\Controllers\CannedResponse.php(9): view('pages/cannedResponse')
 5 SYSTEMPATH\CodeIgniter.php(933): App\Controllers\CannedResponse->index()
 6 SYSTEMPATH\CodeIgniter.php(507): CodeIgniter\CodeIgniter->runController(Object(App\Controllers\CannedResponse))
 7 SYSTEMPATH\CodeIgniter.php(354): CodeIgniter\CodeIgniter->handleRequest(null, Object(Config\Cache), false)
 8 SYSTEMPATH\Boot.php(334): CodeIgniter\CodeIgniter->run()
 9 SYSTEMPATH\Boot.php(67): CodeIgniter\Boot::runCodeIgniter(Object(CodeIgniter\CodeIgniter))
10 FCPATH\index.php(59): CodeIgniter\Boot::bootWeb(Object(Config\Paths))
11 SYSTEMPATH\rewrite.php(44): require_once('D:\\SlashDesk\\public\\index.php')
