DEBUG - 2025-06-19 03:58:31 --> Session: Class initialized using 'CodeIgniter\Session\Handlers\FileHandler' driver.
DEBUG - 2025-06-19 05:39:21 --> Session: Class initialized using 'CodeIgniter\Session\Handlers\FileHandler' driver.
CRITICAL - 2025-06-19 05:59:37 --> ErrorException: Allowed memory size of 536870912 bytes exhausted (tried to allocate 28672 bytes)
[Method: GET, Route: dashboard]
in APPPATH\Views\partials\newTaskModal.php on line 2.
 1 [internal function]: CodeIgniter\Debug\Exceptions->shutdownHandler()
CRITICAL - 2025-06-19 06:00:28 --> ErrorException: Allowed memory size of 536870912 bytes exhausted (tried to allocate 28672 bytes)
[Method: GET, Route: dashboard]
in APPPATH\Views\partials\newTaskModal.php on line 3.
 1 [internal function]: CodeIgniter\Debug\Exceptions->shutdownHandler()
CRITICAL - 2025-06-19 06:00:31 --> ErrorException: Allowed memory size of 536870912 bytes exhausted (tried to allocate 28672 bytes)
[Method: GET, Route: dashboard]
in APPPATH\Views\partials\newTaskModal.php on line 3.
 1 [internal function]: CodeIgniter\Debug\Exceptions->shutdownHandler()
CRITICAL - 2025-06-19 06:00:35 --> ErrorException: Allowed memory size of 536870912 bytes exhausted (tried to allocate 28672 bytes)
[Method: GET, Route: dashboard]
in APPPATH\Views\partials\newTaskModal.php on line 3.
 1 [internal function]: CodeIgniter\Debug\Exceptions->shutdownHandler()
CRITICAL - 2025-06-19 06:00:44 --> ErrorException: Allowed memory size of 536870912 bytes exhausted (tried to allocate 28672 bytes)
[Method: GET, Route: dashboard]
in APPPATH\Views\partials\newTaskModal.php on line 2.
 1 [internal function]: CodeIgniter\Debug\Exceptions->shutdownHandler()
DEBUG - 2025-06-19 08:41:56 --> Session: Class initialized using 'CodeIgniter\Session\Handlers\FileHandler' driver.
DEBUG - 2025-06-19 08:46:17 --> Session: Class initialized using 'CodeIgniter\Session\Handlers\FileHandler' driver.
DEBUG - 2025-06-19 08:52:54 --> Session: Class initialized using 'CodeIgniter\Session\Handlers\FileHandler' driver.
DEBUG - 2025-06-19 08:59:21 --> Session: Class initialized using 'CodeIgniter\Session\Handlers\FileHandler' driver.
DEBUG - 2025-06-19 08:59:42 --> Session: Class initialized using 'CodeIgniter\Session\Handlers\FileHandler' driver.
DEBUG - 2025-06-19 09:00:02 --> Session: Class initialized using 'CodeIgniter\Session\Handlers\FileHandler' driver.
DEBUG - 2025-06-19 09:00:06 --> Session: Class initialized using 'CodeIgniter\Session\Handlers\FileHandler' driver.
